<?xml version="1.0" encoding="UTF-8"?>
<testsuite xmlns:xsi="http://www.w3.org/2001/XMLSchema-instance" xsi:noNamespaceSchemaLocation="https://maven.apache.org/surefire/maven-surefire-plugin/xsd/surefire-test-report.xsd" name="com.onlineshop.ProjectBackEnd.ProductTestCase" time="1.333" tests="6" errors="0" skipped="6" failures="0">
  <properties>
[...]
</properties>
  <testcase name="updateProduct" classname="com.onlineshop.ProjectBackEnd.ProductTestCase" time="0">
    <skipped/>
    <system-err><![CDATA[Nov 18, 2018 10:22:12 AM org.springframework.context.annotation.AnnotationConfigApplicationContext prepareRefresh
INFO: Refreshing org.springframework.context.annotation.AnnotationConfigApplicationContext@66908383: startup date [Sun Nov 18 10:22:12 IST 2018]; root of context hierarchy
Nov 18, 2018 10:22:12 AM org.springframework.jdbc.datasource.DriverManagerDataSource setDriverClassName
INFO: Loaded JDBC driver: org.h2.Driver
Nov 18, 2018 10:22:12 AM org.hibernate.dialect.Dialect <init>
INFO: HHH000400: Using dialect: org.hibernate.dialect.H2Dialect
Nov 18, 2018 10:22:13 AM org.springframework.orm.hibernate5.HibernateTransactionManager afterPropertiesSet
INFO: Using DataSource [org.springframework.jdbc.datasource.DriverManagerDataSource@6a84bc2a] of Hibernate SessionFactory for HibernateTransactionManager
]]></system-err>
  </testcase>
  <testcase name="getAllProducts" classname="com.onlineshop.ProjectBackEnd.ProductTestCase" time="0">
    <skipped/>
  </testcase>
  <testcase name="getProductId" classname="com.onlineshop.ProjectBackEnd.ProductTestCase" time="0">
    <skipped/>
  </testcase>
  <testcase name="addProductTest" classname="com.onlineshop.ProjectBackEnd.ProductTestCase" time="0">
    <skipped/>
  </testcase>
  <testcase name="deleteProduct" classname="com.onlineshop.ProjectBackEnd.ProductTestCase" time="0">
    <skipped/>
  </testcase>
  <testcase name="getAllProductsByCategory" classname="com.onlineshop.ProjectBackEnd.ProductTestCase" time="0">
    <skipped/>
  </testcase>
</testsuite>